[ 2016-08-09T10:56:28+08:00 ] 127.0.0.1 /yangsheng/
INFO: [ app_init ] --START--
INFO: Run Behavior\BuildLiteBehavior [ RunTime:0.000015s ]
INFO: Run Common\Behavior\InitHookBehavior [ RunTime:0.001728s ]
INFO: [ app_init ] --END-- [ RunTime:0.002140s ]
INFO: [ app_begin ] --START--
INFO: Run Behavior\ReadHtmlCacheBehavior [ RunTime:0.000447s ]
INFO: [ app_begin ] --END-- [ RunTime:0.000536s ]
SQL: SHOW COLUMNS FROM `ys_config` [ RunTime:0.0545s ]
SQL: SELECT `type`,`name`,`value` FROM `ys_config` WHERE `status` = 1  [ RunTime:0.0473s ]
SQL: SHOW COLUMNS FROM `ys_category` [ RunTime:0.0486s ]
SQL: SELECT `id`,`name`,`title`,`pid`,`sort`,`list_row`,`meta_title`,`keywords`,`description`,`template_index`,`template_lists`,`template_detail`,`template_edit`,`model`,`model_sub`,`type`,`link_id`,`allow_publish`,`display`,`reply`,`check`,`reply_model`,`extend`,`create_time`,`update_time`,`status`,`icon`,`groups` FROM `ys_category` WHERE `status` = 1 ORDER BY sort  [ RunTime:0.0504s ]
SQL: SHOW COLUMNS FROM `ys_document` [ RunTime:0.0488s ]
SQL: SELECT `id`,`uid`,`name`,`title`,`category_id`,`group_id`,`description`,`root`,`pid`,`model_id`,`type`,`position`,`link_id`,`cover_id`,`display`,`deadline`,`attach`,`view`,`comment`,`extend`,`level`,`create_time`,`update_time`,`status` FROM `ys_document` WHERE `status` = 1 AND `pid` = 0 AND `create_time` < 1470711387 AND ( deadline = 0 OR deadline > 1470711387 ) ORDER BY `id` DESC  [ RunTime:0.0529s ]
INFO: [ view_parse ] --START--
INFO: [ template_filter ] --START--
INFO: Run Behavior\ContentReplaceBehavior [ RunTime:0.000109s ]
INFO: [ template_filter ] --END-- [ RunTime:0.000161s ]
SQL: SHOW COLUMNS FROM `ys_channel` [ RunTime:0.0508s ]
SQL: SELECT `id`,`pid`,`title`,`url`,`sort`,`create_time`,`update_time`,`status`,`target` FROM `ys_channel` WHERE ( status=1 ) ORDER BY sort  [ RunTime:0.0475s ]
SQL: SELECT `id`,`name`,`title`,`pid`,`sort`,`list_row`,`meta_title`,`keywords`,`description`,`template_index`,`template_lists`,`template_detail`,`template_edit`,`model`,`model_sub`,`type`,`link_id`,`allow_publish`,`display`,`reply`,`check`,`reply_model`,`extend`,`create_time`,`update_time`,`status`,`icon`,`groups` FROM `ys_category` WHERE `id` = 1 LIMIT 1   [ RunTime:0.0487s ]
SQL: SELECT `id`,`name`,`pid`,`title`,`link_id` FROM `ys_category` WHERE `status` = 1 ORDER BY sort  [ RunTime:0.0513s ]
INFO: [ view_parse ] --START--
INFO: [ template_filter ] --START--
INFO: Run Behavior\ContentReplaceBehavior [ RunTime:0.000035s ]
INFO: [ template_filter ] --END-- [ RunTime:-0.207655s ]
INFO: Run Behavior\ParseTemplateBehavior [ RunTime:0.004115s ]
INFO: [ view_parse ] --END-- [ RunTime:0.004193s ]
INFO: [ view_filter ] --START--
INFO: Run Behavior\WriteHtmlCacheBehavior [ RunTime:0.000709s ]
INFO: [ view_filter ] --END-- [ RunTime:0.000780s ]
SQL: SELECT `id`,`name`,`title`,`pid`,`sort`,`list_row`,`meta_title`,`keywords`,`description`,`template_index`,`template_lists`,`template_detail`,`template_edit`,`model`,`model_sub`,`type`,`link_id`,`allow_publish`,`display`,`reply`,`check`,`reply_model`,`extend`,`create_time`,`update_time`,`status`,`icon`,`groups` FROM `ys_category` WHERE `id` = 1 LIMIT 1   [ RunTime:0.0484s ]
SQL: SELECT `id`,`name`,`pid`,`title`,`link_id` FROM `ys_category` WHERE `status` = 1 ORDER BY sort  [ RunTime:0.0489s ]
SQL: SELECT `id`,`uid`,`name`,`title`,`category_id`,`group_id`,`description`,`root`,`pid`,`model_id`,`type`,`position`,`link_id`,`cover_id`,`display`,`deadline`,`attach`,`view`,`comment`,`extend`,`level`,`create_time`,`update_time`,`status` FROM `ys_document` WHERE `status` = 1 AND `pid` = 0 AND `category_id` IN ('1','2') AND `create_time` < 1470711387 AND ( deadline = 0 OR deadline > 1470711387 ) ORDER BY `level` DESC,`id` DESC LIMIT 0,10   [ RunTime:0.0484s ]
SQL: SHOW COLUMNS FROM `ys_category` [ RunTime:0.0529s ]
SQL: SELECT * FROM `ys_category` WHERE `id` = 2 LIMIT 1   [ RunTime:0.0482s ]
INFO: Run Behavior\ParseTemplateBehavior [ RunTime:0.256615s ]
INFO: [ view_parse ] --END-- [ RunTime:0.004193s ]
INFO: [ view_filter ] --START--
INFO: Run Behavior\WriteHtmlCacheBehavior [ RunTime:0.000033s ]
INFO: [ view_filter ] --END-- [ RunTime:-0.251787s ]
INFO: [ app_end ] --START--
INFO: Run Behavior\ShowPageTraceBehavior [ RunTime:0.001731s ]
INFO: [ app_end ] --END-- [ RunTime:0.001842s ]

[ 2016-08-09T11:02:14+08:00 ] 127.0.0.1 /yangsheng/
INFO: [ app_init ] --START--
INFO: Run Behavior\BuildLiteBehavior [ RunTime:0.000014s ]
INFO: Run Common\Behavior\InitHookBehavior [ RunTime:0.001407s ]
INFO: [ app_init ] --END-- [ RunTime:0.001843s ]
INFO: [ app_begin ] --START--
INFO: Run Behavior\ReadHtmlCacheBehavior [ RunTime:0.000421s ]
INFO: [ app_begin ] --END-- [ RunTime:0.000493s ]
SQL: SHOW COLUMNS FROM `ys_config` [ RunTime:0.0488s ]
SQL: SELECT `type`,`name`,`value` FROM `ys_config` WHERE `status` = 1  [ RunTime:0.0479s ]
SQL: SHOW COLUMNS FROM `ys_category` [ RunTime:0.0489s ]
SQL: SELECT `id`,`name`,`title`,`pid`,`sort`,`list_row`,`meta_title`,`keywords`,`description`,`template_index`,`template_lists`,`template_detail`,`template_edit`,`model`,`model_sub`,`type`,`link_id`,`allow_publish`,`display`,`reply`,`check`,`reply_model`,`extend`,`create_time`,`update_time`,`status`,`icon`,`groups` FROM `ys_category` WHERE `status` = 1 ORDER BY sort  [ RunTime:0.0502s ]
SQL: SHOW COLUMNS FROM `ys_document` [ RunTime:0.0475s ]
SQL: SELECT `id`,`uid`,`name`,`title`,`category_id`,`group_id`,`description`,`root`,`pid`,`model_id`,`type`,`position`,`link_id`,`cover_id`,`display`,`deadline`,`attach`,`view`,`comment`,`extend`,`level`,`create_time`,`update_time`,`status` FROM `ys_document` WHERE `status` = 1 AND `pid` = 0 AND `create_time` < 1470711733 AND ( deadline = 0 OR deadline > 1470711733 ) ORDER BY `id` DESC  [ RunTime:0.0512s ]
INFO: [ view_parse ] --START--
INFO: [ template_filter ] --START--
INFO: Run Behavior\ContentReplaceBehavior [ RunTime:0.000175s ]
INFO: [ template_filter ] --END-- [ RunTime:0.000262s ]
SQL: SHOW COLUMNS FROM `ys_channel` [ RunTime:0.0574s ]
SQL: SELECT `id`,`pid`,`title`,`url`,`sort`,`create_time`,`update_time`,`status`,`target` FROM `ys_channel` WHERE ( status=1 ) ORDER BY sort  [ RunTime:0.0492s ]
SQL: SELECT `id`,`name`,`title`,`pid`,`sort`,`list_row`,`meta_title`,`keywords`,`description`,`template_index`,`template_lists`,`template_detail`,`template_edit`,`model`,`model_sub`,`type`,`link_id`,`allow_publish`,`display`,`reply`,`check`,`reply_model`,`extend`,`create_time`,`update_time`,`status`,`icon`,`groups` FROM `ys_category` WHERE `id` = 1 LIMIT 1   [ RunTime:0.0502s ]
SQL: SELECT `id`,`name`,`pid`,`title`,`link_id` FROM `ys_category` WHERE `status` = 1 ORDER BY sort  [ RunTime:0.0490s ]
INFO: [ view_parse ] --START--
INFO: [ template_filter ] --START--
INFO: Run Behavior\ContentReplaceBehavior [ RunTime:0.000063s ]
INFO: [ template_filter ] --END-- [ RunTime:-0.214980s ]
INFO: Run Behavior\ParseTemplateBehavior [ RunTime:0.003915s ]
INFO: [ view_parse ] --END-- [ RunTime:0.003971s ]
INFO: [ view_filter ] --START--
INFO: Run Behavior\WriteHtmlCacheBehavior [ RunTime:0.000257s ]
INFO: [ view_filter ] --END-- [ RunTime:0.000293s ]
SQL: SELECT `id`,`name`,`title`,`pid`,`sort`,`list_row`,`meta_title`,`keywords`,`description`,`template_index`,`template_lists`,`template_detail`,`template_edit`,`model`,`model_sub`,`type`,`link_id`,`allow_publish`,`display`,`reply`,`check`,`reply_model`,`extend`,`create_time`,`update_time`,`status`,`icon`,`groups` FROM `ys_category` WHERE `id` = 1 LIMIT 1   [ RunTime:0.0472s ]
SQL: SELECT `id`,`name`,`pid`,`title`,`link_id` FROM `ys_category` WHERE `status` = 1 ORDER BY sort  [ RunTime:0.0499s ]
SQL: SELECT `id`,`uid`,`name`,`title`,`category_id`,`group_id`,`description`,`root`,`pid`,`model_id`,`type`,`position`,`link_id`,`cover_id`,`display`,`deadline`,`attach`,`view`,`comment`,`extend`,`level`,`create_time`,`update_time`,`status` FROM `ys_document` WHERE `status` = 1 AND `pid` = 0 AND `category_id` IN ('1','2') AND `create_time` < 1470711733 AND ( deadline = 0 OR deadline > 1470711733 ) ORDER BY `level` DESC,`id` DESC LIMIT 0,10   [ RunTime:0.0484s ]
INFO: Run Behavior\ParseTemplateBehavior [ RunTime:0.152339s ]
INFO: [ view_parse ] --END-- [ RunTime:0.003971s ]
INFO: [ view_filter ] --START--
INFO: Run Behavior\WriteHtmlCacheBehavior [ RunTime:0.000020s ]
INFO: [ view_filter ] --END-- [ RunTime:-0.148153s ]
INFO: [ app_end ] --START--
INFO: Run Behavior\ShowPageTraceBehavior [ RunTime:0.000562s ]
INFO: [ app_end ] --END-- [ RunTime:0.000617s ]

[ 2016-08-09T14:03:36+08:00 ] 127.0.0.1 /yangsheng/
INFO: [ app_init ] --START--
INFO: Run Behavior\BuildLiteBehavior [ RunTime:0.000021s ]
INFO: Run Common\Behavior\InitHookBehavior [ RunTime:0.001624s ]
INFO: [ app_init ] --END-- [ RunTime:0.002144s ]
INFO: [ app_begin ] --START--
INFO: Run Behavior\ReadHtmlCacheBehavior [ RunTime:0.000498s ]
INFO: [ app_begin ] --END-- [ RunTime:0.000597s ]
SQL: SHOW COLUMNS FROM `ys_config` [ RunTime:0.0465s ]
SQL: SELECT `type`,`name`,`value` FROM `ys_config` WHERE `status` = 1  [ RunTime:0.0446s ]
SQL: SHOW COLUMNS FROM `ys_category` [ RunTime:0.0434s ]
SQL: SELECT `id`,`name`,`title`,`pid`,`sort`,`list_row`,`meta_title`,`keywords`,`description`,`template_index`,`template_lists`,`template_detail`,`template_edit`,`model`,`model_sub`,`type`,`link_id`,`allow_publish`,`display`,`reply`,`check`,`reply_model`,`extend`,`create_time`,`update_time`,`status`,`icon`,`groups` FROM `ys_category` WHERE `status` = 1 ORDER BY sort  [ RunTime:0.0456s ]
SQL: SHOW COLUMNS FROM `ys_document` [ RunTime:0.0457s ]
SQL: SELECT `id`,`uid`,`name`,`title`,`category_id`,`group_id`,`description`,`root`,`pid`,`model_id`,`type`,`position`,`link_id`,`cover_id`,`display`,`deadline`,`attach`,`view`,`comment`,`extend`,`level`,`create_time`,`update_time`,`status`,`like_num` FROM `ys_document` WHERE `status` = 1 AND `pid` = 0 AND `create_time` < 1470722615 AND ( deadline = 0 OR deadline > 1470722615 ) ORDER BY `id` DESC  [ RunTime:0.0442s ]
INFO: [ view_parse ] --START--
INFO: [ template_filter ] --START--
INFO: Run Behavior\ContentReplaceBehavior [ RunTime:0.000108s ]
INFO: [ template_filter ] --END-- [ RunTime:0.000160s ]
SQL: SHOW COLUMNS FROM `ys_channel` [ RunTime:0.0460s ]
SQL: SELECT `id`,`pid`,`title`,`url`,`sort`,`create_time`,`update_time`,`status`,`target` FROM `ys_channel` WHERE ( status=1 ) ORDER BY sort  [ RunTime:0.0491s ]
SQL: SELECT `id`,`name`,`title`,`pid`,`sort`,`list_row`,`meta_title`,`keywords`,`description`,`template_index`,`template_lists`,`template_detail`,`template_edit`,`model`,`model_sub`,`type`,`link_id`,`allow_publish`,`display`,`reply`,`check`,`reply_model`,`extend`,`create_time`,`update_time`,`status`,`icon`,`groups` FROM `ys_category` WHERE `id` = 1 LIMIT 1   [ RunTime:0.0415s ]
SQL: SELECT `id`,`name`,`pid`,`title`,`link_id` FROM `ys_category` WHERE `status` = 1 ORDER BY sort  [ RunTime:0.0440s ]
INFO: [ view_parse ] --START--
INFO: [ template_filter ] --START--
INFO: Run Behavior\ContentReplaceBehavior [ RunTime:0.000053s ]
INFO: [ template_filter ] --END-- [ RunTime:-0.190342s ]
INFO: Run Behavior\ParseTemplateBehavior [ RunTime:0.004143s ]
INFO: [ view_parse ] --END-- [ RunTime:0.004201s ]
INFO: [ view_filter ] --START--
INFO: Run Behavior\WriteHtmlCacheBehavior [ RunTime:0.000486s ]
INFO: [ view_filter ] --END-- [ RunTime:0.000548s ]
SQL: SELECT `id`,`name`,`title`,`pid`,`sort`,`list_row`,`meta_title`,`keywords`,`description`,`template_index`,`template_lists`,`template_detail`,`template_edit`,`model`,`model_sub`,`type`,`link_id`,`allow_publish`,`display`,`reply`,`check`,`reply_model`,`extend`,`create_time`,`update_time`,`status`,`icon`,`groups` FROM `ys_category` WHERE `id` = 1 LIMIT 1   [ RunTime:0.0433s ]
SQL: SELECT `id`,`name`,`pid`,`title`,`link_id` FROM `ys_category` WHERE `status` = 1 ORDER BY sort  [ RunTime:0.0427s ]
SQL: SELECT `id`,`uid`,`name`,`title`,`category_id`,`group_id`,`description`,`root`,`pid`,`model_id`,`type`,`position`,`link_id`,`cover_id`,`display`,`deadline`,`attach`,`view`,`comment`,`extend`,`level`,`create_time`,`update_time`,`status`,`like_num` FROM `ys_document` WHERE `status` = 1 AND `pid` = 0 AND `category_id` IN ('1','2') AND `create_time` < 1470722615 AND ( deadline = 0 OR deadline > 1470722615 ) ORDER BY `level` DESC,`id` DESC LIMIT 0,10   [ RunTime:0.0427s ]
SQL: SHOW COLUMNS FROM `ys_category` [ RunTime:0.0439s ]
SQL: SELECT * FROM `ys_category` WHERE `id` = 2 LIMIT 1   [ RunTime:0.0445s ]
INFO: Run Behavior\ParseTemplateBehavior [ RunTime:0.227057s ]
INFO: [ view_parse ] --END-- [ RunTime:0.004201s ]
INFO: [ view_filter ] --START--
INFO: Run Behavior\WriteHtmlCacheBehavior [ RunTime:0.000021s ]
INFO: [ view_filter ] --END-- [ RunTime:-0.222387s ]
INFO: [ app_end ] --START--
INFO: Run Behavior\ShowPageTraceBehavior [ RunTime:0.001046s ]
INFO: [ app_end ] --END-- [ RunTime:0.001131s ]

[ 2016-08-09T14:04:26+08:00 ] 127.0.0.1 /yangsheng/
INFO: [ app_init ] --START--
INFO: Run Behavior\BuildLiteBehavior [ RunTime:0.000013s ]
INFO: Run Common\Behavior\InitHookBehavior [ RunTime:0.002562s ]
INFO: [ app_init ] --END-- [ RunTime:0.003002s ]
INFO: [ app_begin ] --START--
INFO: Run Behavior\ReadHtmlCacheBehavior [ RunTime:0.000785s ]
INFO: [ app_begin ] --END-- [ RunTime:0.000856s ]
SQL: SHOW COLUMNS FROM `ys_config` [ RunTime:0.0486s ]
SQL: SELECT `type`,`name`,`value` FROM `ys_config` WHERE `status` = 1  [ RunTime:0.1950s ]
SQL: SHOW COLUMNS FROM `ys_category` [ RunTime:0.0721s ]
SQL: SELECT `id`,`name`,`title`,`pid`,`sort`,`list_row`,`meta_title`,`keywords`,`description`,`template_index`,`template_lists`,`template_detail`,`template_edit`,`model`,`model_sub`,`type`,`link_id`,`allow_publish`,`display`,`reply`,`check`,`reply_model`,`extend`,`create_time`,`update_time`,`status`,`icon`,`groups` FROM `ys_category` WHERE `status` = 1 ORDER BY sort  [ RunTime:0.3172s ]
SQL: SHOW COLUMNS FROM `ys_document` [ RunTime:0.1803s ]
SQL: SELECT `id`,`uid`,`name`,`title`,`category_id`,`group_id`,`description`,`root`,`pid`,`model_id`,`type`,`position`,`link_id`,`cover_id`,`display`,`deadline`,`attach`,`view`,`comment`,`extend`,`level`,`create_time`,`update_time`,`status`,`like_num` FROM `ys_document` WHERE `status` = 1 AND `pid` = 0 AND `create_time` < 1470722662 AND ( deadline = 0 OR deadline > 1470722662 ) ORDER BY `id` DESC  [ RunTime:0.1457s ]
INFO: [ view_parse ] --START--
INFO: [ template_filter ] --START--
INFO: Run Behavior\ContentReplaceBehavior [ RunTime:0.000215s ]
INFO: [ template_filter ] --END-- [ RunTime:0.000293s ]
SQL: SHOW COLUMNS FROM `ys_channel` [ RunTime:0.7480s ]
SQL: SELECT `id`,`pid`,`title`,`url`,`sort`,`create_time`,`update_time`,`status`,`target` FROM `ys_channel` WHERE ( status=1 ) ORDER BY sort  [ RunTime:0.1863s ]
SQL: SELECT `id`,`name`,`title`,`pid`,`sort`,`list_row`,`meta_title`,`keywords`,`description`,`template_index`,`template_lists`,`template_detail`,`template_edit`,`model`,`model_sub`,`type`,`link_id`,`allow_publish`,`display`,`reply`,`check`,`reply_model`,`extend`,`create_time`,`update_time`,`status`,`icon`,`groups` FROM `ys_category` WHERE `id` = 1 LIMIT 1   [ RunTime:0.3349s ]
SQL: SELECT `id`,`name`,`pid`,`title`,`link_id` FROM `ys_category` WHERE `status` = 1 ORDER BY sort  [ RunTime:0.3347s ]
INFO: [ view_parse ] --START--
INFO: [ template_filter ] --START--
INFO: Run Behavior\ContentReplaceBehavior [ RunTime:0.000204s ]
INFO: [ template_filter ] --END-- [ RunTime:-1.618636s ]
INFO: Run Behavior\ParseTemplateBehavior [ RunTime:0.010484s ]
INFO: [ view_parse ] --END-- [ RunTime:0.010619s ]
INFO: [ view_filter ] --START--
INFO: Run Behavior\WriteHtmlCacheBehavior [ RunTime:0.001534s ]
INFO: [ view_filter ] --END-- [ RunTime:0.001643s ]
SQL: SELECT `id`,`name`,`title`,`pid`,`sort`,`list_row`,`meta_title`,`keywords`,`description`,`template_index`,`template_lists`,`template_detail`,`template_edit`,`model`,`model_sub`,`type`,`link_id`,`allow_publish`,`display`,`reply`,`check`,`reply_model`,`extend`,`create_time`,`update_time`,`status`,`icon`,`groups` FROM `ys_category` WHERE `id` = 1 LIMIT 1   [ RunTime:0.3189s ]
SQL: SELECT `id`,`name`,`pid`,`title`,`link_id` FROM `ys_category` WHERE `status` = 1 ORDER BY sort  [ RunTime:0.0683s ]
SQL: SELECT `id`,`uid`,`name`,`title`,`category_id`,`group_id`,`description`,`root`,`pid`,`model_id`,`type`,`position`,`link_id`,`cover_id`,`display`,`deadline`,`attach`,`view`,`comment`,`extend`,`level`,`create_time`,`update_time`,`status`,`like_num` FROM `ys_document` WHERE `status` = 1 AND `pid` = 0 AND `category_id` IN ('1','2') AND `create_time` < 1470722662 AND ( deadline = 0 OR deadline > 1470722662 ) ORDER BY `level` DESC,`id` DESC LIMIT 0,10   [ RunTime:1.0818s ]
INFO: Run Behavior\ParseTemplateBehavior [ RunTime:1.487858s ]
INFO: [ view_parse ] --END-- [ RunTime:0.010619s ]
INFO: [ view_filter ] --START--
INFO: Run Behavior\WriteHtmlCacheBehavior [ RunTime:0.000038s ]
INFO: [ view_filter ] --END-- [ RunTime:-1.475752s ]
INFO: [ app_end ] --START--
INFO: Run Behavior\ShowPageTraceBehavior [ RunTime:0.003057s ]
INFO: [ app_end ] --END-- [ RunTime:0.003211s ]

[ 2016-08-09T17:28:10+08:00 ] 127.0.0.1 /yangsheng/
INFO: [ app_init ] --START--
INFO: Run Behavior\BuildLiteBehavior [ RunTime:0.000014s ]
INFO: Run Common\Behavior\InitHookBehavior [ RunTime:0.001463s ]
INFO: [ app_init ] --END-- [ RunTime:0.001860s ]
INFO: [ app_begin ] --START--
INFO: Run Behavior\ReadHtmlCacheBehavior [ RunTime:0.000453s ]
INFO: [ app_begin ] --END-- [ RunTime:0.000542s ]
SQL: SHOW COLUMNS FROM `ys_config` [ RunTime:0.0552s ]
SQL: SELECT `type`,`name`,`value` FROM `ys_config` WHERE `status` = 1  [ RunTime:0.0472s ]
SQL: SHOW COLUMNS FROM `ys_document_article` [ RunTime:0.0421s ]
SQL: SELECT `content` FROM `ys_document_article` WHERE `id` = 0 LIMIT 1   [ RunTime:0.0560s ]
INFO: [ view_parse ] --START--
INFO: [ template_filter ] --START--
INFO: Run Behavior\ContentReplaceBehavior [ RunTime:0.000064s ]
INFO: [ template_filter ] --END-- [ RunTime:0.000133s ]
NOTIC: [8] Undefined index: title D:\www\yangsheng\Runtime\Cache\Home\769e70f2e46f34ceb60619bbda5e4691.php 第 7 行.
NOTIC: [8192] mysql_connect(): The mysql extension is deprecated and will be removed in the future: use mysqli or PDO instead D:\www\yangsheng\Runtime\Cache\Home\769e70f2e46f34ceb60619bbda5e4691.php 第 30 行.
NOTIC: [8] Undefined index: id D:\www\yangsheng\Runtime\Cache\Home\769e70f2e46f34ceb60619bbda5e4691.php 第 30 行.
INFO: Run Behavior\ParseTemplateBehavior [ RunTime:0.358679s ]
INFO: [ view_parse ] --END-- [ RunTime:0.358815s ]
INFO: [ view_filter ] --START--
INFO: Run Behavior\WriteHtmlCacheBehavior [ RunTime:0.000876s ]
INFO: [ view_filter ] --END-- [ RunTime:0.000979s ]
INFO: [ app_end ] --START--
INFO: Run Behavior\ShowPageTraceBehavior [ RunTime:0.001242s ]
INFO: [ app_end ] --END-- [ RunTime:0.001364s ]

[ 2016-08-09T17:28:11+08:00 ] 127.0.0.1 /yangsheng/
INFO: [ app_init ] --START--
INFO: Run Behavior\BuildLiteBehavior [ RunTime:0.000027s ]
INFO: Run Common\Behavior\InitHookBehavior [ RunTime:0.002793s ]
INFO: [ app_init ] --END-- [ RunTime:0.003391s ]
INFO: [ app_begin ] --START--
INFO: Run Behavior\ReadHtmlCacheBehavior [ RunTime:0.000537s ]
INFO: [ app_begin ] --END-- [ RunTime:0.000637s ]
SQL: SHOW COLUMNS FROM `ys_config` [ RunTime:0.0435s ]
SQL: SELECT `type`,`name`,`value` FROM `ys_config` WHERE `status` = 1  [ RunTime:0.0436s ]
SQL: SHOW COLUMNS FROM `ys_document_article` [ RunTime:0.0461s ]
SQL: SELECT `content` FROM `ys_document_article` WHERE `id` = 0 LIMIT 1   [ RunTime:0.0435s ]
INFO: [ view_parse ] --START--
INFO: [ template_filter ] --START--
INFO: Run Behavior\ContentReplaceBehavior [ RunTime:0.000117s ]
INFO: [ template_filter ] --END-- [ RunTime:0.000192s ]
NOTIC: [8] Undefined index: title D:\www\yangsheng\Runtime\Cache\Home\769e70f2e46f34ceb60619bbda5e4691.php 第 7 行.
NOTIC: [8192] mysql_connect(): The mysql extension is deprecated and will be removed in the future: use mysqli or PDO instead D:\www\yangsheng\Runtime\Cache\Home\769e70f2e46f34ceb60619bbda5e4691.php 第 30 行.
NOTIC: [8] Undefined index: id D:\www\yangsheng\Runtime\Cache\Home\769e70f2e46f34ceb60619bbda5e4691.php 第 30 行.
INFO: Run Behavior\ParseTemplateBehavior [ RunTime:0.296300s ]
INFO: [ view_parse ] --END-- [ RunTime:0.296392s ]
INFO: [ view_filter ] --START--
INFO: Run Behavior\WriteHtmlCacheBehavior [ RunTime:0.000488s ]
INFO: [ view_filter ] --END-- [ RunTime:0.000544s ]
INFO: [ app_end ] --START--
INFO: Run Behavior\ShowPageTraceBehavior [ RunTime:0.000453s ]
INFO: [ app_end ] --END-- [ RunTime:0.000502s ]

[ 2016-08-09T17:34:23+08:00 ] 127.0.0.1 /yangsheng/
INFO: [ app_init ] --START--
INFO: Run Behavior\BuildLiteBehavior [ RunTime:0.000021s ]
INFO: Run Common\Behavior\InitHookBehavior [ RunTime:0.002837s ]
INFO: [ app_init ] --END-- [ RunTime:0.003329s ]
INFO: [ app_begin ] --START--
INFO: Run Behavior\ReadHtmlCacheBehavior [ RunTime:0.001123s ]
INFO: [ app_begin ] --END-- [ RunTime:0.001233s ]
SQL: SHOW COLUMNS FROM `ys_config` [ RunTime:0.0442s ]
SQL: SELECT `type`,`name`,`value` FROM `ys_config` WHERE `status` = 1  [ RunTime:0.0445s ]
SQL: SHOW COLUMNS FROM `ys_document_article` [ RunTime:0.0450s ]
SQL: SELECT `content` FROM `ys_document_article` WHERE `id` = 0 LIMIT 1   [ RunTime:0.0418s ]
INFO: [ view_parse ] --START--
INFO: [ template_filter ] --START--
INFO: Run Behavior\ContentReplaceBehavior [ RunTime:0.000092s ]
INFO: [ template_filter ] --END-- [ RunTime:0.000166s ]
NOTIC: [8] Undefined index: title D:\www\yangsheng\Runtime\Cache\Home\769e70f2e46f34ceb60619bbda5e4691.php 第 7 行.
NOTIC: [8192] mysql_connect(): The mysql extension is deprecated and will be removed in the future: use mysqli or PDO instead D:\www\yangsheng\Runtime\Cache\Home\769e70f2e46f34ceb60619bbda5e4691.php 第 30 行.
NOTIC: [8] Undefined index: id D:\www\yangsheng\Runtime\Cache\Home\769e70f2e46f34ceb60619bbda5e4691.php 第 30 行.
INFO: Run Behavior\ParseTemplateBehavior [ RunTime:0.316548s ]
INFO: [ view_parse ] --END-- [ RunTime:0.316625s ]
INFO: [ view_filter ] --START--
INFO: Run Behavior\WriteHtmlCacheBehavior [ RunTime:0.000711s ]
INFO: [ view_filter ] --END-- [ RunTime:0.000751s ]
INFO: [ app_end ] --START--
INFO: Run Behavior\ShowPageTraceBehavior [ RunTime:0.000810s ]
INFO: [ app_end ] --END-- [ RunTime:0.000849s ]

[ 2016-08-09T17:35:41+08:00 ] 127.0.0.1 /yangsheng/
INFO: [ app_init ] --START--
INFO: Run Behavior\BuildLiteBehavior [ RunTime:0.000015s ]
INFO: Run Common\Behavior\InitHookBehavior [ RunTime:0.002095s ]
INFO: [ app_init ] --END-- [ RunTime:0.002577s ]
INFO: [ app_begin ] --START--
INFO: Run Behavior\ReadHtmlCacheBehavior [ RunTime:0.001990s ]
INFO: [ app_begin ] --END-- [ RunTime:0.002284s ]
SQL: SHOW COLUMNS FROM `ys_config` [ RunTime:0.0428s ]
SQL: SELECT `type`,`name`,`value` FROM `ys_config` WHERE `status` = 1  [ RunTime:0.0421s ]
SQL: SHOW COLUMNS FROM `ys_document_article` [ RunTime:0.0501s ]
SQL: SELECT `content` FROM `ys_document_article` WHERE `id` = 0 LIMIT 1   [ RunTime:0.0405s ]
INFO: [ view_parse ] --START--
INFO: [ template_filter ] --START--
INFO: Run Behavior\ContentReplaceBehavior [ RunTime:0.000063s ]
INFO: [ template_filter ] --END-- [ RunTime:0.000114s ]
NOTIC: [8] Undefined index: title D:\www\yangsheng\Runtime\Cache\Home\769e70f2e46f34ceb60619bbda5e4691.php 第 7 行.
NOTIC: [8192] mysql_connect(): The mysql extension is deprecated and will be removed in the future: use mysqli or PDO instead D:\www\yangsheng\Runtime\Cache\Home\769e70f2e46f34ceb60619bbda5e4691.php 第 30 行.
NOTIC: [8] Undefined index: id D:\www\yangsheng\Runtime\Cache\Home\769e70f2e46f34ceb60619bbda5e4691.php 第 30 行.
INFO: Run Behavior\ParseTemplateBehavior [ RunTime:0.307339s ]
INFO: [ view_parse ] --END-- [ RunTime:0.307410s ]
INFO: [ view_filter ] --START--
INFO: Run Behavior\WriteHtmlCacheBehavior [ RunTime:0.000460s ]
INFO: [ view_filter ] --END-- [ RunTime:0.000499s ]
INFO: [ app_end ] --START--
INFO: Run Behavior\ShowPageTraceBehavior [ RunTime:0.000678s ]
INFO: [ app_end ] --END-- [ RunTime:0.000729s ]

[ 2016-08-09T17:39:33+08:00 ] 127.0.0.1 /yangsheng/
INFO: [ app_init ] --START--
INFO: Run Behavior\BuildLiteBehavior [ RunTime:0.000015s ]
INFO: Run Common\Behavior\InitHookBehavior [ RunTime:0.004192s ]
INFO: [ app_init ] --END-- [ RunTime:0.005017s ]
INFO: [ app_begin ] --START--
INFO: Run Behavior\ReadHtmlCacheBehavior [ RunTime:0.001028s ]
INFO: [ app_begin ] --END-- [ RunTime:0.001105s ]
SQL: SHOW COLUMNS FROM `ys_config` [ RunTime:0.0521s ]
SQL: SELECT `type`,`name`,`value` FROM `ys_config` WHERE `status` = 1  [ RunTime:0.0424s ]
SQL: SHOW COLUMNS FROM `ys_document_article` [ RunTime:0.0440s ]
SQL: SELECT `content` FROM `ys_document_article` WHERE `id` = 0 LIMIT 1   [ RunTime:0.0532s ]
INFO: [ view_parse ] --START--
INFO: [ template_filter ] --START--
INFO: Run Behavior\ContentReplaceBehavior [ RunTime:0.000103s ]
INFO: [ template_filter ] --END-- [ RunTime:0.000155s ]
NOTIC: [8] Undefined index: title D:\www\yangsheng\Runtime\Cache\Home\769e70f2e46f34ceb60619bbda5e4691.php 第 7 行.
NOTIC: [8192] mysql_connect(): The mysql extension is deprecated and will be removed in the future: use mysqli or PDO instead D:\www\yangsheng\Runtime\Cache\Home\769e70f2e46f34ceb60619bbda5e4691.php 第 30 行.
NOTIC: [8] Undefined index: id D:\www\yangsheng\Runtime\Cache\Home\769e70f2e46f34ceb60619bbda5e4691.php 第 30 行.
INFO: Run Behavior\ParseTemplateBehavior [ RunTime:0.318498s ]
INFO: [ view_parse ] --END-- [ RunTime:0.318605s ]
INFO: [ view_filter ] --START--
INFO: Run Behavior\WriteHtmlCacheBehavior [ RunTime:0.001681s ]
INFO: [ view_filter ] --END-- [ RunTime:0.001788s ]
INFO: [ app_end ] --START--
INFO: Run Behavior\ShowPageTraceBehavior [ RunTime:0.001474s ]
INFO: [ app_end ] --END-- [ RunTime:0.001557s ]

[ 2016-08-09T17:40:33+08:00 ] 127.0.0.1 /yangsheng/
INFO: [ app_init ] --START--
INFO: Run Behavior\BuildLiteBehavior [ RunTime:0.000020s ]
INFO: Run Common\Behavior\InitHookBehavior [ RunTime:0.001982s ]
INFO: [ app_init ] --END-- [ RunTime:0.002558s ]
INFO: [ app_begin ] --START--
INFO: Run Behavior\ReadHtmlCacheBehavior [ RunTime:0.000756s ]
INFO: [ app_begin ] --END-- [ RunTime:0.000876s ]
SQL: SHOW COLUMNS FROM `ys_config` [ RunTime:0.0412s ]
SQL: SELECT `type`,`name`,`value` FROM `ys_config` WHERE `status` = 1  [ RunTime:0.0411s ]
SQL: SHOW COLUMNS FROM `ys_document_article` [ RunTime:0.0414s ]
SQL: SELECT `content` FROM `ys_document_article` WHERE `id` = 0 LIMIT 1   [ RunTime:0.0398s ]
INFO: [ view_parse ] --START--
INFO: [ template_filter ] --START--
INFO: Run Behavior\ContentReplaceBehavior [ RunTime:0.000068s ]
INFO: [ template_filter ] --END-- [ RunTime:0.000123s ]
NOTIC: [8] Undefined index: title D:\www\yangsheng\Runtime\Cache\Home\769e70f2e46f34ceb60619bbda5e4691.php 第 7 行.
NOTIC: [8192] mysql_connect(): The mysql extension is deprecated and will be removed in the future: use mysqli or PDO instead D:\www\yangsheng\Runtime\Cache\Home\769e70f2e46f34ceb60619bbda5e4691.php 第 30 行.
NOTIC: [8] Undefined index: id D:\www\yangsheng\Runtime\Cache\Home\769e70f2e46f34ceb60619bbda5e4691.php 第 30 行.
INFO: Run Behavior\ParseTemplateBehavior [ RunTime:0.303978s ]
INFO: [ view_parse ] --END-- [ RunTime:0.304053s ]
INFO: [ view_filter ] --START--
INFO: Run Behavior\WriteHtmlCacheBehavior [ RunTime:0.000469s ]
INFO: [ view_filter ] --END-- [ RunTime:0.000514s ]
INFO: [ app_end ] --START--
INFO: Run Behavior\ShowPageTraceBehavior [ RunTime:0.000473s ]
INFO: [ app_end ] --END-- [ RunTime:0.000515s ]

[ 2016-08-09T17:41:17+08:00 ] 127.0.0.1 /yangsheng/
INFO: [ app_init ] --START--
INFO: Run Behavior\BuildLiteBehavior [ RunTime:0.000024s ]
INFO: Run Common\Behavior\InitHookBehavior [ RunTime:0.003929s ]
INFO: [ app_init ] --END-- [ RunTime:0.004611s ]
INFO: [ app_begin ] --START--
INFO: Run Behavior\ReadHtmlCacheBehavior [ RunTime:0.005139s ]
INFO: [ app_begin ] --END-- [ RunTime:0.005275s ]
SQL: SHOW COLUMNS FROM `ys_config` [ RunTime:0.0441s ]
SQL: SELECT `type`,`name`,`value` FROM `ys_config` WHERE `status` = 1  [ RunTime:0.0402s ]
SQL: SHOW COLUMNS FROM `ys_document_article` [ RunTime:0.0422s ]
SQL: SELECT `content` FROM `ys_document_article` WHERE `id` = 0 LIMIT 1   [ RunTime:0.0405s ]
INFO: [ view_parse ] --START--
INFO: [ template_filter ] --START--
INFO: Run Behavior\ContentReplaceBehavior [ RunTime:0.000069s ]
INFO: [ template_filter ] --END-- [ RunTime:0.000124s ]
NOTIC: [8] Undefined index: title D:\www\yangsheng\Runtime\Cache\Home\769e70f2e46f34ceb60619bbda5e4691.php 第 7 行.
NOTIC: [8192] mysql_connect(): The mysql extension is deprecated and will be removed in the future: use mysqli or PDO instead D:\www\yangsheng\Runtime\Cache\Home\769e70f2e46f34ceb60619bbda5e4691.php 第 30 行.
NOTIC: [8] Undefined index: id D:\www\yangsheng\Runtime\Cache\Home\769e70f2e46f34ceb60619bbda5e4691.php 第 30 行.
INFO: Run Behavior\ParseTemplateBehavior [ RunTime:0.302593s ]
INFO: [ view_parse ] --END-- [ RunTime:0.302685s ]
INFO: [ view_filter ] --START--
INFO: Run Behavior\WriteHtmlCacheBehavior [ RunTime:0.000724s ]
INFO: [ view_filter ] --END-- [ RunTime:0.000891s ]
INFO: [ app_end ] --START--
INFO: Run Behavior\ShowPageTraceBehavior [ RunTime:0.001651s ]
INFO: [ app_end ] --END-- [ RunTime:0.001813s ]

[ 2016-08-09T17:43:46+08:00 ] 127.0.0.1 /yangsheng/
INFO: [ app_init ] --START--
INFO: Run Behavior\BuildLiteBehavior [ RunTime:0.000022s ]
INFO: Run Common\Behavior\InitHookBehavior [ RunTime:0.003167s ]
INFO: [ app_init ] --END-- [ RunTime:0.003802s ]
INFO: [ app_begin ] --START--
INFO: Run Behavior\ReadHtmlCacheBehavior [ RunTime:0.002204s ]
INFO: [ app_begin ] --END-- [ RunTime:0.002440s ]
SQL: SHOW COLUMNS FROM `ys_config` [ RunTime:0.0456s ]
SQL: SELECT `type`,`name`,`value` FROM `ys_config` WHERE `status` = 1  [ RunTime:0.0410s ]
SQL: SHOW COLUMNS FROM `ys_document_article` [ RunTime:0.0424s ]
SQL: SELECT `content` FROM `ys_document_article` WHERE `id` = 0 LIMIT 1   [ RunTime:0.0420s ]
INFO: [ view_parse ] --START--
INFO: [ template_filter ] --START--
INFO: Run Behavior\ContentReplaceBehavior [ RunTime:0.000102s ]
INFO: [ template_filter ] --END-- [ RunTime:0.000187s ]
NOTIC: [8] Undefined index: title D:\www\yangsheng\Runtime\Cache\Home\769e70f2e46f34ceb60619bbda5e4691.php 第 7 行.
NOTIC: [8192] mysql_connect(): The mysql extension is deprecated and will be removed in the future: use mysqli or PDO instead D:\www\yangsheng\Runtime\Cache\Home\769e70f2e46f34ceb60619bbda5e4691.php 第 30 行.
NOTIC: [8] Undefined index: id D:\www\yangsheng\Runtime\Cache\Home\769e70f2e46f34ceb60619bbda5e4691.php 第 30 行.
INFO: Run Behavior\ParseTemplateBehavior [ RunTime:0.307722s ]
INFO: [ view_parse ] --END-- [ RunTime:0.307799s ]
INFO: [ view_filter ] --START--
INFO: Run Behavior\WriteHtmlCacheBehavior [ RunTime:0.000454s ]
INFO: [ view_filter ] --END-- [ RunTime:0.000508s ]
INFO: [ app_end ] --START--
INFO: Run Behavior\ShowPageTraceBehavior [ RunTime:0.000776s ]
INFO: [ app_end ] --END-- [ RunTime:0.000836s ]

